TN:
SF:src/index.ts
FNF:0
FNH:0
DA:1,1
DA:16,1
DA:25,1
DA:26,1
DA:27,1
DA:29,1
DA:32,1
DA:33,1
DA:34,1
DA:35,1
DA:36,1
DA:37,1
DA:38,1
DA:39,1
DA:40,1
DA:43,1
DA:44,1
DA:45,1
DA:46,1
DA:47,1
DA:49,1
DA:50,1
DA:51,1
DA:52,1
DA:53,1
DA:56,1
DA:59,1
DA:60,1
DA:61,1
DA:67,1
DA:68,1
DA:69,1
DA:70,1
DA:71,1
DA:72,1
DA:73,1
DA:74,1
DA:75,1
DA:76,1
DA:77,1
DA:78,1
DA:98,1
DA:99,1
DA:100,1
DA:101,1
DA:102,1
DA:103,1
DA:104,1
DA:107,1
DA:108,1
DA:109,1
DA:110,1
DA:112,1
DA:113,16
DA:114,16
DA:115,16
DA:116,16
DA:119,16
DA:120,1
DA:121,1
DA:122,1
DA:123,1
DA:124,1
DA:125,1
DA:126,1
DA:127,1
DA:128,1
DA:129,1
DA:130,1
DA:131,1
DA:134,15
DA:135,16
DA:136,3
DA:137,3
DA:138,3
DA:139,3
DA:140,3
DA:141,3
DA:142,3
DA:143,3
DA:144,3
DA:145,3
DA:146,3
DA:147,3
DA:148,3
DA:149,3
DA:150,3
DA:151,3
DA:152,3
DA:153,3
DA:154,3
DA:157,12
DA:158,12
DA:161,1
DA:162,1
DA:163,1
DA:164,1
DA:165,1
DA:166,1
DA:167,1
DA:168,1
DA:169,1
DA:170,1
DA:171,1
DA:172,1
DA:173,1
DA:174,1
DA:175,1
DA:176,1
DA:177,1
DA:178,1
DA:180,1
LF:112
LH:112
BRDA:32,0,0,1
BRDA:43,1,0,1
BRDA:49,2,0,1
BRDA:56,3,0,1
BRDA:59,4,0,1
BRDA:60,5,0,1
BRDA:61,6,0,2
BRDA:67,7,0,1
BRDA:98,8,0,1
BRDA:107,9,0,1
BRDA:112,10,0,16
BRDA:115,11,0,1
BRDA:119,12,0,1
BRDA:131,13,0,15
BRDA:135,14,0,3
BRDA:154,15,0,12
BRDA:161,16,0,1
BRF:17
BRH:17
end_of_record
TN:
SF:src/jwt.ts
FN:12,base64urlEncode
FN:19,base64urlDecode
FN:25,importHmacKey
FN:37,signJWT
FN:54,verifyJWT
FN:88,storeTokens
FN:114,refreshWithRetry
FN:126,fetch.method
FN:182,getValidAccessToken
FN:233,extractSub
FNF:10
FNH:10
FNDA:209,base64urlEncode
FNDA:42,base64urlDecode
FNDA:101,importHmacKey
FNDA:54,signJWT
FNDA:48,verifyJWT
FNDA:21,storeTokens
FNDA:6,refreshWithRetry
FNDA:3,fetch.method
FNDA:25,getValidAccessToken
FNDA:20,extractSub
DA:12,209
DA:13,209
DA:14,108
DA:15,101
DA:16,209
DA:17,209
DA:19,42
DA:20,42
DA:21,42
DA:22,42
DA:23,42
DA:25,101
DA:26,101
DA:27,101
DA:28,101
DA:29,101
DA:30,101
DA:31,101
DA:32,101
DA:33,101
DA:37,54
DA:38,54
DA:39,54
DA:40,54
DA:41,54
DA:42,54
DA:43,54
DA:44,54
DA:45,54
DA:46,54
DA:47,54
DA:48,54
DA:49,54
DA:50,54
DA:51,54
DA:52,54
DA:54,48
DA:55,48
DA:56,48
DA:57,48
DA:58,48
DA:59,48
DA:60,47
DA:62,47
DA:63,47
DA:64,47
DA:65,47
DA:66,48
DA:68,42
DA:69,42
DA:70,42
DA:71,48
DA:72,0
DA:73,0
DA:75,42
DA:76,48
DA:78,38
DA:79,38
DA:83,1
DA:84,1
DA:85,1
DA:86,1
DA:88,21
DA:89,21
DA:90,21
DA:91,21
DA:92,21
DA:93,21
DA:94,21
DA:95,21
DA:96,21
DA:97,21
DA:98,21
DA:99,21
DA:100,21
DA:101,21
DA:102,21
DA:103,21
DA:104,21
DA:106,21
DA:107,21
DA:108,21
DA:109,21
DA:110,21
DA:114,6
DA:115,6
DA:116,6
DA:117,6
DA:118,6
DA:119,6
DA:120,6
DA:121,6
DA:122,6
DA:124,6
DA:125,9
DA:126,3
DA:127,3
DA:129,9
DA:130,9
DA:131,9
DA:132,9
DA:133,9
DA:134,9
DA:135,9
DA:136,9
DA:137,9
DA:138,9
DA:140,9
DA:141,4
DA:147,4
DA:148,4
DA:149,4
DA:150,4
DA:151,4
DA:152,4
DA:153,4
DA:154,4
DA:156,4
DA:157,4
DA:158,4
DA:159,4
DA:160,4
DA:161,4
DA:163,5
DA:164,5
DA:165,8
DA:168,9
DA:169,1
DA:170,1
DA:171,1
DA:172,1
DA:175,4
DA:176,4
DA:177,4
DA:179,4
DA:180,4
DA:182,25
DA:183,25
DA:184,25
DA:185,25
DA:186,25
DA:187,25
DA:188,25
DA:189,25
DA:191,23
DA:192,23
DA:193,23
DA:195,25
DA:196,14
DA:197,14
DA:198,14
DA:201,20
DA:202,25
DA:204,25
DA:205,1
DA:206,1
DA:208,20
DA:209,1
DA:210,1
DA:213,7
DA:214,7
DA:215,20
DA:216,1
DA:217,1
DA:218,1
DA:221,6
DA:223,6
DA:224,6
DA:225,6
DA:226,4
DA:227,11
DA:229,6
DA:230,6
DA:231,25
DA:233,20
DA:234,20
DA:235,20
DA:236,20
DA:237,20
DA:238,20
DA:239,20
DA:241,18
DA:242,20
DA:244,20
DA:245,20
LF:185
LH:183
BRDA:12,0,0,209
BRDA:13,1,0,108
BRDA:14,2,0,101
BRDA:19,3,0,42
BRDA:22,4,0,31
BRDA:22,5,0,11
BRDA:25,6,0,101
BRDA:37,7,0,54
BRDA:54,8,0,48
BRDA:59,9,0,1
BRDA:59,10,0,47
BRDA:66,11,0,5
BRDA:66,12,0,42
BRDA:71,13,0,0
BRDA:73,14,0,42
BRDA:76,15,0,4
BRDA:76,16,0,38
BRDA:88,17,0,21
BRDA:114,18,0,6
BRDA:124,19,0,9
BRDA:125,20,0,3
BRDA:140,21,0,4
BRDA:150,22,0,0
BRDA:161,23,0,8
BRDA:161,24,0,5
BRDA:165,25,0,4
BRDA:165,26,0,5
BRDA:168,27,0,4
BRDA:168,28,0,8
BRDA:168,29,0,1
BRDA:172,30,0,4
BRDA:177,31,0,4
BRDA:126,32,0,3
BRDA:182,33,0,25
BRDA:189,34,0,2
BRDA:189,35,0,23
BRDA:195,36,0,14
BRDA:198,37,0,20
BRDA:198,38,0,9
BRDA:201,39,0,2
BRDA:202,40,0,2
BRDA:204,41,0,8
BRDA:204,42,0,20
BRDA:204,43,0,1
BRDA:206,44,0,8
BRDA:208,45,0,1
BRDA:210,46,0,7
BRDA:215,47,0,1
BRDA:218,48,0,11
BRDA:218,49,0,6
BRDA:225,50,0,4
BRDA:227,51,0,6
BRDA:233,52,0,20
BRDA:237,53,0,2
BRDA:239,54,0,2
BRDA:239,55,0,18
BRDA:242,56,0,1
BRDA:242,57,0,17
BRDA:244,58,0,1
BRF:59
BRH:57
end_of_record
TN:
SF:src/mcp-agent.ts
FN:37,unauthorizedResponse
FN:50,handleMcpRequest
FN:89,getCreds
FNF:3
FNH:2
FNDA:2,unauthorizedResponse
FNDA:16,handleMcpRequest
FNDA:0,getCreds
DA:1,1
DA:37,2
DA:38,2
DA:39,2
DA:40,2
DA:41,2
DA:42,2
DA:43,2
DA:44,2
DA:45,2
DA:46,2
DA:47,2
DA:48,2
DA:50,16
DA:51,16
DA:52,16
DA:53,1
DA:54,1
DA:55,1
DA:58,15
DA:59,15
DA:60,15
DA:61,16
DA:62,16
DA:63,16
DA:64,2
DA:65,2
DA:67,15
DA:68,15
DA:69,15
DA:70,15
DA:71,15
DA:72,15
DA:73,15
DA:74,15
DA:75,16
DA:76,1
DA:77,1
DA:78,1
DA:82,14
DA:83,14
DA:84,14
DA:85,14
DA:86,14
DA:87,14
DA:89,14
DA:91,14
DA:92,14
DA:93,14
DA:94,14
DA:95,14
DA:96,14
DA:97,14
DA:98,14
DA:99,14
DA:100,14
DA:101,14
DA:102,14
DA:103,14
DA:104,14
DA:105,14
DA:106,14
DA:107,14
DA:108,14
DA:109,14
DA:110,14
DA:111,14
DA:112,14
DA:113,14
DA:114,14
DA:115,14
DA:116,14
DA:117,14
DA:118,14
DA:120,14
DA:121,14
DA:122,14
DA:123,14
DA:125,14
DA:127,14
DA:128,14
DA:129,14
DA:130,14
DA:131,14
DA:132,3
DA:133,3
DA:134,14
DA:135,14
DA:136,14
DA:138,14
DA:139,14
DA:140,14
DA:141,14
LF:93
LH:93
BRDA:37,0,0,2
BRDA:50,1,0,16
BRDA:52,2,0,1
BRDA:55,3,0,15
BRDA:60,4,0,13
BRDA:61,5,0,1
BRDA:61,6,0,12
BRDA:63,7,0,2
BRDA:65,8,0,15
BRDA:74,9,0,14
BRDA:75,10,0,1
BRDA:78,11,0,14
BRDA:61,12,0,1
BRDA:128,13,0,14
BRDA:130,14,0,3
BRDA:131,15,0,11
BRDA:131,16,0,3
BRF:17
BRH:17
end_of_record
TN:
SF:src/oauth.ts
FN:42,buildOAuthMetadata
FN:56,buildResourceMetadata
FN:67,handleDCR
FN:106,handleAuthorize
FN:141,handleCallback
FN:287,handleToken
FNF:6
FNH:6
FNDA:3,buildOAuthMetadata
FNDA:2,buildResourceMetadata
FNDA:5,handleDCR
FNDA:5,handleAuthorize
FNDA:14,handleCallback
FNDA:14,handleToken
DA:1,1
DA:17,1
DA:18,1
DA:19,1
DA:20,1
DA:21,1
DA:22,1
DA:23,1
DA:24,1
DA:25,1
DA:26,1
DA:27,1
DA:28,1
DA:29,1
DA:30,1
DA:31,1
DA:32,1
DA:33,1
DA:34,1
DA:35,1
DA:37,1
DA:38,1
DA:42,1
DA:43,3
DA:44,3
DA:45,3
DA:46,3
DA:47,3
DA:48,3
DA:49,3
DA:50,3
DA:51,3
DA:52,3
DA:53,3
DA:54,3
DA:56,1
DA:57,2
DA:58,2
DA:59,2
DA:60,2
DA:61,2
DA:62,2
DA:63,2
DA:67,5
DA:68,5
DA:69,5
DA:72,5
DA:73,5
DA:75,5
DA:76,5
DA:77,5
DA:79,5
DA:80,5
DA:81,5
DA:82,5
DA:83,5
DA:84,5
DA:85,5
DA:86,5
DA:87,5
DA:89,5
DA:91,5
DA:93,5
DA:94,5
DA:95,5
DA:96,5
DA:97,5
DA:98,5
DA:99,5
DA:100,5
DA:101,5
DA:102,5
DA:106,5
DA:107,5
DA:108,5
DA:109,5
DA:110,5
DA:111,5
DA:113,5
DA:114,5
DA:116,5
DA:117,1
DA:118,1
DA:120,4
DA:121,4
DA:123,4
DA:124,4
DA:125,4
DA:126,4
DA:127,4
DA:128,4
DA:129,4
DA:130,4
DA:131,4
DA:133,4
DA:134,4
DA:135,4
DA:141,14
DA:142,14
DA:143,14
DA:144,14
DA:145,14
DA:146,14
DA:148,14
DA:149,1
DA:150,1
DA:151,1
DA:152,1
DA:153,1
DA:154,14
DA:156,12
DA:157,14
DA:158,1
DA:159,1
DA:160,11
DA:163,11
DA:164,14
DA:165,14
DA:167,14
DA:169,14
DA:170,1
DA:171,1
DA:172,1
DA:174,1
DA:180,1
DA:182,1
DA:183,1
DA:184,1
DA:187,10
DA:188,10
DA:189,10
DA:190,10
DA:191,10
DA:192,10
DA:193,10
DA:194,10
DA:195,10
DA:196,10
DA:197,10
DA:199,14
DA:200,1
DA:201,1
DA:202,1
DA:203,1
DA:204,1
DA:205,1
DA:208,1
DA:209,1
DA:210,1
DA:212,9
DA:219,14
DA:220,1
DA:221,1
DA:222,1
DA:226,1
DA:227,1
DA:228,1
DA:231,8
DA:232,8
DA:233,8
DA:234,8
DA:235,8
DA:236,14
DA:237,6
DA:238,6
DA:239,6
DA:240,14
DA:241,1
DA:242,1
DA:243,1
DA:244,14
DA:245,1
DA:246,1
DA:247,1
DA:249,8
DA:250,8
DA:251,8
DA:252,8
DA:253,14
DA:254,14
DA:255,14
DA:256,14
DA:257,14
DA:260,8
DA:261,8
DA:262,8
DA:264,7
DA:266,7
DA:267,7
DA:268,7
DA:269,7
DA:270,14
DA:271,1
DA:272,1
DA:273,1
DA:274,1
DA:277,1
DA:280,1
DA:281,1
DA:282,1
DA:283,14
DA:287,14
DA:288,14
DA:289,14
DA:290,14
DA:291,1
DA:292,14
DA:293,13
DA:294,13
DA:295,13
DA:297,14
DA:298,14
DA:301,14
DA:302,5
DA:303,1
DA:304,1
DA:305,1
DA:308,4
DA:309,5
DA:310,1
DA:311,1
DA:312,1
DA:314,3
DA:317,3
DA:318,5
DA:319,1
DA:320,1
DA:321,1
DA:324,2
DA:325,2
DA:327,2
DA:328,2
DA:329,2
DA:330,2
DA:331,2
DA:332,2
DA:333,2
DA:334,2
DA:337,14
DA:338,1
DA:339,1
DA:340,1
DA:341,14
DA:342,1
DA:343,1
DA:346,7
DA:347,14
DA:348,2
DA:349,2
DA:350,2
DA:351,5
DA:354,5
DA:355,14
DA:356,14
DA:358,5
DA:359,5
DA:360,5
DA:361,5
DA:362,5
DA:363,5
DA:364,5
DA:365,5
LF:262
LH:262
BRDA:42,0,0,3
BRDA:56,1,0,2
BRDA:67,2,0,5
BRDA:69,3,0,4
BRDA:69,4,0,1
BRDA:72,5,0,3
BRDA:73,6,0,3
BRDA:75,7,0,3
BRDA:76,8,0,3
BRDA:77,9,0,3
BRDA:85,10,0,3
BRDA:85,11,0,0
BRDA:86,12,0,3
BRDA:86,13,0,0
BRDA:106,14,0,5
BRDA:108,15,0,1
BRDA:109,16,0,0
BRDA:110,17,0,0
BRDA:114,18,0,4
BRDA:114,19,0,1
BRDA:114,20,0,1
BRDA:116,21,0,1
BRDA:118,22,0,4
BRDA:141,23,0,14
BRDA:145,24,0,1
BRDA:148,25,0,1
BRDA:153,26,0,13
BRDA:154,27,0,1
BRDA:154,28,0,12
BRDA:157,29,0,1
BRDA:159,30,0,11
BRDA:164,31,0,1
BRDA:164,32,0,0
BRDA:164,33,0,1
BRDA:164,34,0,1
BRDA:165,35,0,10
BRDA:165,36,0,1
BRDA:165,37,0,1
BRDA:167,38,0,10
BRDA:167,39,0,1
BRDA:167,40,0,10
BRDA:167,41,0,1
BRDA:169,42,0,10
BRDA:169,43,0,1
BRDA:180,44,0,0
BRDA:180,45,0,0
BRDA:184,46,0,10
BRDA:199,47,0,1
BRDA:210,48,0,9
BRDA:219,49,0,1
BRDA:228,50,0,8
BRDA:235,51,0,7
BRDA:236,52,0,6
BRDA:238,53,0,1
BRDA:240,54,0,1
BRDA:244,55,0,1
BRDA:247,56,0,8
BRDA:253,57,0,1
BRDA:257,58,0,8
BRDA:262,59,0,7
BRDA:270,60,0,1
BRDA:271,61,0,0
BRDA:287,62,0,14
BRDA:289,63,0,0
BRDA:290,64,0,1
BRDA:292,65,0,13
BRDA:301,66,0,5
BRDA:302,67,0,1
BRDA:305,68,0,4
BRDA:309,69,0,3
BRDA:309,70,0,1
BRDA:312,71,0,3
BRDA:318,72,0,2
BRDA:318,73,0,1
BRDA:334,74,0,9
BRDA:337,75,0,1
BRDA:340,76,0,8
BRDA:341,77,0,1
BRDA:343,78,0,7
BRDA:347,79,0,2
BRDA:350,80,0,5
BRDA:355,81,0,1
BRDA:356,82,0,5
BRDA:294,83,0,23
BRF:84
BRH:75
end_of_record
